#
# A fatal error has been detected by the Java Runtime Environment:
#
#  EXCEPTION_ACCESS_VIOLATION (0xc0000005) at pc=0x00007ffd0e49219e, pid=22676, tid=14548
#
# JRE version:  (17.0.12+8) (build )
# Java VM: Java HotSpot(TM) 64-Bit Server VM (17.0.12+8-LTS-286, mixed mode, sharing, tiered, compressed oops, compressed class ptrs, g1 gc, windows-amd64)
# Problematic frame:
# V  [jvm.dll+0x2c219e]
#
# No core dump will be written. Minidumps are not enabled by default on client versions of Windows
#
#

---------------  S U M M A R Y ------------

Command Line: -Xmx16m org.eclipse.jdt.internal.launching.support.LibraryDetector

Host: Intel(R) N100, 4 cores, 15G,  Windows 11 , 64 bit Build 22621 (10.0.22621.4391)
Time: Thu Dec 19 16:42:23 2024 W. Central Africa Standard Time elapsed time: 0.479566 seconds (0d 0h 0m 0s)

---------------  T H R E A D  ---------------

Current thread (0x0000021f777a0550):  JavaThread "Unknown thread" [_thread_in_vm, id=14548, stack(0x000000a55de00000,0x000000a55df00000)]

Stack: [0x000000a55de00000,0x000000a55df00000],  sp=0x000000a55defee20,  free space=1019k
Native frames: (J=compiled Java code, j=interpreted, Vv=VM code, C=native code)
V  [jvm.dll+0x2c219e]
V  [jvm.dll+0x2c2605]
V  [jvm.dll+0x6269d6]
V  [jvm.dll+0x626c03]
V  [jvm.dll+0x6260e3]
V  [jvm.dll+0x621e18]
V  [jvm.dll+0x7aca55]
V  [jvm.dll+0x367591]
V  [jvm.dll+0x78b999]
V  [jvm.dll+0x3ec83f]
V  [jvm.dll+0x3ee471]
C  [jli.dll+0x5297]
C  [ucrtbase.dll+0x29333]
C  [KERNEL32.DLL+0x1259d]
C  [ntdll.dll+0x5af38]


siginfo: EXCEPTION_ACCESS_VIOLATION (0xc0000005), reading address 0x0000000000000000


Registers:
RAX=0x00000ba9e7090a81, RBX=0x0000000000000000, RCX=0x0000000000000000, RDX=0x00007ffd0eac5d01
RSP=0x000000a55defee20, RBP=0x0000000000000001, RSI=0x0000021f0f8f5348, RDI=0x0000000000000000
R8 =0x0000000000000001, R9 =0x0000000000000001, R10=0x0000000000000000, R11=0x0000000000000246
R12=0x0000000000000001, R13=0x0000021f7551d560, R14=0x0000000000000001, R15=0x0000021f0f000000
RIP=0x00007ffd0e49219e, EFLAGS=0x0000000000010246


Top of Stack: (sp=0x000000a55defee20)
0x000000a55defee20:   0000021f0fbd0000 0000000800000000
0x000000a55defee30:   0000000800bd0000 0000021f0f000000
0x000000a55defee40:   0000021f0fbd0000 000002170f000000
0x000000a55defee50:   000000a55defef70 0000000000000001
0x000000a55defee60:   00000ba9e7090901 0000021f777ebe70
0x000000a55defee70:   00000ba9e7090a81 0000021f777ebe70
0x000000a55defee80:   0000000000000000 00007ffd0e492605
0x000000a55defee90:   0000021f0f000000 0000000000000000
0x000000a55defeea0:   0000021f777ebe70 0000000000000000
0x000000a55defeeb0:   0000021f0f8f5340 0000000000000001
0x000000a55defeec0:   0000021f0f000000 0000000001000000
0x000000a55defeed0:   0000000000000000 0000000000010000
0x000000a55defeee0:   0000000000001000 ffffffff00000000
0x000000a55defeef0:   0000000000000000 0000000000000003
0x000000a55defef00:   00000ba9e7090a31 0000000000000000
0x000000a55defef10:   0000021f7551d560 0000000000000000 

Instructions: (pc=0x00007ffd0e49219e)
0x00007ffd0e49209e:   8e 1d 63 00 e8 29 30 f8 ff 48 8b 0d f2 5d 83 00
0x00007ffd0e4920ae:   48 85 c9 74 22 44 0f b6 83 41 02 00 00 48 8d 0d
0x00007ffd0e4920be:   3e 4c 63 00 0f b6 93 40 02 00 00 e8 62 4f de ff
0x00007ffd0e4920ce:   48 8b 0d cb 5d 83 00 0f b6 05 3b 6e 84 00 38 83
0x00007ffd0e4920de:   40 02 00 00 75 60 0f b6 05 6d 6e 84 00 38 83 41
0x00007ffd0e4920ee:   02 00 00 75 51 80 bb a1 03 00 00 00 75 1f c6 05
0x00007ffd0e4920fe:   ed 29 7f 00 00 48 85 c9 74 13 48 8d 0d f1 4c 63
0x00007ffd0e49210e:   00 e8 1c 4f de ff 48 8b 0d 85 5d 83 00 80 bb a2
0x00007ffd0e49211e:   03 00 00 00 75 18 c6 05 c6 29 7f 00 00 48 85 c9
0x00007ffd0e49212e:   74 0c 48 8d 0d 39 4d 63 00 e8 f4 4e de ff b0 01
0x00007ffd0e49213e:   48 83 c4 20 5b c3 48 8d 0d 15 4c 63 00 e8 c0 d5
0x00007ffd0e49214e:   ff ff 32 c0 48 83 c4 20 5b c3 cc cc cc cc cc cc
0x00007ffd0e49215e:   cc cc 48 89 5c 24 10 48 89 6c 24 18 48 89 74 24
0x00007ffd0e49216e:   20 57 48 83 ec 60 48 8b 05 4d f0 80 00 48 33 c4
0x00007ffd0e49217e:   48 89 44 24 50 80 3d 21 0b 7e 00 00 0f b6 ea 48
0x00007ffd0e49218e:   8b f1 74 17 80 39 00 75 12 48 8b 0d 3a c1 83 00
0x00007ffd0e49219e:   48 8b 01 ff 50 20 48 8b d8 eb 08 48 8b 59 18 48
0x00007ffd0e4921ae:   83 c3 04 48 83 3d 27 c2 83 00 00 40 b7 01 74 0f
0x00007ffd0e4921be:   48 8b d3 48 8d 0d b8 37 63 00 e8 23 b4 f2 ff 48
0x00007ffd0e4921ce:   8d 54 24 20 48 8b cb e8 c6 6a 3b 00 85 c0 74 19
0x00007ffd0e4921de:   40 84 ed 74 14 48 8b d3 48 8d 0d bb 37 63 00 e8
0x00007ffd0e4921ee:   1e d5 ff ff 40 32 ff eb 7a 80 3e 02 75 20 48 8b
0x00007ffd0e4921fe:   cb e8 fc 0f 3b 00 84 c0 75 69 48 8b d3 48 8d 0d
0x00007ffd0e49220e:   c6 37 63 00 e8 f9 d4 ff ff 40 32 ff eb 55 48 8b
0x00007ffd0e49221e:   56 08 4c 8b 44 24 40 48 85 d2 74 05 49 3b d0 75
0x00007ffd0e49222e:   0b 48 63 44 24 34 48 39 46 10 74 37 40 32 ff 40
0x00007ffd0e49223e:   38 3d 6a 6e 84 00 74 1c 49 3b d0 48 8d 05 a8 37
0x00007ffd0e49224e:   63 00 48 8d 0d b9 37 63 00 48 0f 45 c8 e8 b0 d4
0x00007ffd0e49225e:   ff ff eb 0f 48 8b d3 48 8d 0d c4 37 63 00 e8 9f
0x00007ffd0e49226e:   d4 ff ff 80 3d 36 6e 84 00 00 74 10 40 84 ff 75
0x00007ffd0e49227e:   0b c6 05 ab b7 85 00 01 b0 01 eb 04 40 0f b6 c7
0x00007ffd0e49228e:   48 8b 4c 24 50 48 33 cc e8 b5 42 57 00 4c 8d 5c 



---------------  P R O C E S S  ---------------

Threads class SMR info:
_java_thread_list=0x00007ffd0ec87a18, length=0, elements={
}

Java Threads: ( => current thread )

Other Threads:
  0x0000021f777bfea0 GCTaskThread "GC Thread#0" [stack: 0x000000a55df00000,0x000000a55e000000] [id=14848]
  0x0000021f777c0dc0 ConcurrentGCThread "G1 Main Marker" [stack: 0x000000a55e000000,0x000000a55e100000] [id=6320]
  0x0000021f777c1f70 ConcurrentGCThread "G1 Conc#0" [stack: 0x000000a55e100000,0x000000a55e200000] [id=200]
  0x0000021f777e0180 ConcurrentGCThread "G1 Refine#0" [stack: 0x000000a55e200000,0x000000a55e300000] [id=13572]
  0x0000021f777e2360 ConcurrentGCThread "G1 Service" [stack: 0x000000a55e300000,0x000000a55e400000] [id=18940]

=>0x0000021f777a0550 (exited) JavaThread "Unknown thread" [_thread_in_vm, id=14548, stack(0x000000a55de00000,0x000000a55df00000)]

Threads with active compile tasks:

VM state: not at safepoint (not fully initialized)

VM Mutex/Monitor currently owned by a thread: None

Heap address: 0x00000000ff000000, size: 16 MB, Compressed Oops mode: 32-bit

CDS archive(s) mapped at: [0x0000000000000000-0x0000000000000000-0x0000000000000000), size 0, SharedBaseAddress: 0x0000000800000000, ArchiveRelocationMode: 1.
Narrow klass base: 0x0000000000000000, Narrow klass shift: 0, Narrow klass range: 0x0

GC Precious Log:
 CPUs: 4 total, 4 available
 Memory: 16037M
 Large Page Support: Disabled
 NUMA Support: Disabled
 Compressed Oops: Enabled (32-bit)
 Heap Region Size: 1M
 Heap Min Capacity: 8M
 Heap Initial Capacity: 16M
 Heap Max Capacity: 16M
 Pre-touch: Disabled
 Parallel Workers: 4
 Concurrent Workers: 1
 Concurrent Refinement Workers: 4
 Periodic GC: Disabled

Heap:
 garbage-first heap   total 16384K, used 0K [0x00000000ff000000, 0x0000000100000000)
  region size 1024K, 0 young (0K), 0 survivors (0K)

[error occurred during error reporting (printing heap information), id 0xc0000005, EXCEPTION_ACCESS_VIOLATION (0xc0000005) at pc=0x00007ffd0e8a3859]

GC Heap History (0 events):
No events

Deoptimization events (0 events):
No events

Classes unloaded (0 events):
No events

Classes redefined (0 events):
No events

Internal exceptions (0 events):
No events

VM Operations (0 events):
No events

Events (2 events):
Event: 0.197 Loaded shared library C:\Program Files\Java\jdk-17\bin\java.dll
Event: 0.207 Loaded shared library C:\Program Files\Java\jdk-17\bin\zip.dll


Dynamic libraries:
0x00007ff612ad0000 - 0x00007ff612ae0000 	C:\Program Files\Java\jdk-17\bin\javaw.exe
0x00007ffdae750000 - 0x00007ffdae967000 	C:\windows\SYSTEM32\ntdll.dll
0x00007ffdacdf0000 - 0x00007ffdaceb4000 	C:\windows\System32\KERNEL32.DLL
0x00007ffdabc10000 - 0x00007ffdabfca000 	C:\windows\System32\KERNELBASE.dll
0x00007ffdabfd0000 - 0x00007ffdac0e1000 	C:\windows\System32\ucrtbase.dll
0x00007ffd63e10000 - 0x00007ffd63e29000 	C:\Program Files\Java\jdk-17\bin\jli.dll
0x00007ffdad850000 - 0x00007ffdad902000 	C:\windows\System32\ADVAPI32.dll
0x00007ffdae0c0000 - 0x00007ffdae167000 	C:\windows\System32\msvcrt.dll
0x00007ffdad070000 - 0x00007ffdad117000 	C:\windows\System32\sechost.dll
0x00007ffdac0f0000 - 0x00007ffdac118000 	C:\windows\System32\bcrypt.dll
0x00007ffdadfa0000 - 0x00007ffdae0b4000 	C:\windows\System32\RPCRT4.dll
0x00007ffdacec0000 - 0x00007ffdad06e000 	C:\windows\System32\USER32.dll
0x00007ffdabbe0000 - 0x00007ffdabc06000 	C:\windows\System32\win32u.dll
0x00007ffdae6e0000 - 0x00007ffdae709000 	C:\windows\System32\GDI32.dll
0x00007ffdac120000 - 0x00007ffdac23b000 	C:\windows\System32\gdi32full.dll
0x00007ffdac3b0000 - 0x00007ffdac44a000 	C:\windows\System32\msvcp_win.dll
0x00007ffd63df0000 - 0x00007ffd63e0b000 	C:\Program Files\Java\jdk-17\bin\VCRUNTIME140.dll
0x00007ffd8a9d0000 - 0x00007ffd8ac62000 	C:\windows\WinSxS\amd64_microsoft.windows.common-controls_6595b64144ccf1df_6.0.22621.4541_none_2710d1c57384c085\COMCTL32.dll
0x00007ffd99670000 - 0x00007ffd9967a000 	C:\windows\SYSTEM32\VERSION.dll
0x00007ffdad990000 - 0x00007ffdad9c1000 	C:\windows\System32\IMM32.DLL
0x00007ffd686f0000 - 0x00007ffd686fc000 	C:\Program Files\Java\jdk-17\bin\vcruntime140_1.dll
0x00007ffd63c90000 - 0x00007ffd63d1e000 	C:\Program Files\Java\jdk-17\bin\msvcp140.dll
0x00007ffd0e1d0000 - 0x00007ffd0edb0000 	C:\Program Files\Java\jdk-17\bin\server\jvm.dll
0x00007ffdad510000 - 0x00007ffdad518000 	C:\windows\System32\PSAPI.DLL
0x00007ffd60f40000 - 0x00007ffd60f49000 	C:\windows\SYSTEM32\WSOCK32.dll
0x00007ffdad910000 - 0x00007ffdad981000 	C:\windows\System32\WS2_32.dll
0x00007ffda4bb0000 - 0x00007ffda4be4000 	C:\windows\SYSTEM32\WINMM.dll
0x00007ffdaaa60000 - 0x00007ffdaaa78000 	C:\windows\SYSTEM32\kernel.appcore.dll
0x00007ffd683a0000 - 0x00007ffd683aa000 	C:\Program Files\Java\jdk-17\bin\jimage.dll
0x00007ffda9230000 - 0x00007ffda9462000 	C:\windows\SYSTEM32\DBGHELP.DLL
0x00007ffdadbb0000 - 0x00007ffdadf3f000 	C:\windows\System32\combase.dll
0x00007ffdae5f0000 - 0x00007ffdae6c7000 	C:\windows\System32\OLEAUT32.dll
0x00007ffd88420000 - 0x00007ffd88452000 	C:\windows\SYSTEM32\dbgcore.DLL
0x00007ffdabaa0000 - 0x00007ffdabb1b000 	C:\windows\System32\bcryptPrimitives.dll
0x00007ffd63dc0000 - 0x00007ffd63de5000 	C:\Program Files\Java\jdk-17\bin\java.dll
0x00007ffd63c70000 - 0x00007ffd63c88000 	C:\Program Files\Java\jdk-17\bin\zip.dll

dbghelp: loaded successfully - version: 4.0.5 - missing functions: none
symbol engine: initialized successfully - sym options: 0x614 - pdb path: .;C:\Program Files\Java\jdk-17\bin;C:\windows\SYSTEM32;C:\windows\WinSxS\amd64_microsoft.windows.common-controls_6595b64144ccf1df_6.0.22621.4541_none_2710d1c57384c085;C:\Program Files\Java\jdk-17\bin\server

VM Arguments:
jvm_args: -Xmx16m 
java_command: org.eclipse.jdt.internal.launching.support.LibraryDetector
java_class_path (initial): C:\Users\ztatt\AppData\Roaming\Code\User\globalStorage\redhat.java\1.38.0\config_win\org.eclipse.osgi\57\0\.cp\lib\launchingsupport.jar
Launcher Type: SUN_STANDARD

[Global flags]
     intx CICompilerCount                          = 3                                         {product} {ergonomic}
     uint ConcGCThreads                            = 1                                         {product} {ergonomic}
     uint G1ConcRefinementThreads                  = 4                                         {product} {ergonomic}
   size_t G1HeapRegionSize                         = 1048576                                   {product} {ergonomic}
    uintx GCDrainStackTargetSize                   = 64                                        {product} {ergonomic}
   size_t InitialHeapSize                          = 16777216                                  {product} {ergonomic}
   size_t MarkStackSize                            = 4194304                                   {product} {ergonomic}
   size_t MaxHeapSize                              = 16777216                                  {product} {command line}
   size_t MaxNewSize                               = 9437184                                   {product} {ergonomic}
   size_t MinHeapDeltaBytes                        = 1048576                                   {product} {ergonomic}
   size_t MinHeapSize                              = 8388608                                   {product} {ergonomic}
    uintx NonNMethodCodeHeapSize                   = 5832780                                {pd product} {ergonomic}
    uintx NonProfiledCodeHeapSize                  = 122912730                              {pd product} {ergonomic}
    uintx ProfiledCodeHeapSize                     = 122912730                              {pd product} {ergonomic}
    uintx ReservedCodeCacheSize                    = 251658240                              {pd product} {ergonomic}
     bool SegmentedCodeCache                       = true                                      {product} {ergonomic}
   size_t SoftMaxHeapSize                          = 16777216                               {manageable} {ergonomic}
     bool UseCompressedClassPointers               = true                           {product lp64_product} {ergonomic}
     bool UseCompressedOops                        = true                           {product lp64_product} {ergonomic}
     bool UseG1GC                                  = true                                      {product} {ergonomic}
     bool UseLargePagesIndividualAllocation        = false                                  {pd product} {ergonomic}

Logging:
Log output configuration:
 #0: stdout all=warning uptime,level,tags
 #1: stderr all=off uptime,level,tags

Environment Variables:
PATH=C:\Program Files (x86)\Common Files\Oracle\Java\java8path;C:\windows\system32;C:\windows;C:\windows\System32\Wbem;C:\windows\System32\WindowsPowerShell\v1.0\;C:\windows\System32\OpenSSH\;C:\Program Files\dotnet\;C:\Program Files\Git\cmd;C:\Program Files\mosquitto;C:\Program Files\nodejs\;C:\ProgramData\chocolatey\bin;C:\Program Files\apache-maven-3.9.9\bin;C:\Users\ztatt\AppData\Local\Programs\Python\Python312\Scripts\;C:\Users\ztatt\AppData\Local\Programs\Python\Python312\;C:\Users\ztatt\AppData\Local\Programs\Python\Python313\Scripts\;C:\Users\ztatt\AppData\Local\Programs\Python\Python313\;C:\Users\ztatt\AppData\Local\Microsoft\WindowsApps;;C:\Users\ztatt\AppData\Local\Programs\Microsoft VS Code\bin;C:\Program Files\JetBrains\IntelliJ IDEA Community Edition 2024.3\bin;;C:\Users\ztatt\AppData\Roaming\npm
USERNAME=ztatt
OS=Windows_NT
PROCESSOR_IDENTIFIER=Intel64 Family 6 Model 190 Stepping 0, GenuineIntel



---------------  S Y S T E M  ---------------

OS:
 Windows 11 , 64 bit Build 22621 (10.0.22621.4391)
OS uptime: 1 days 1:44 hours

CPU: total 4 (initial active 4) (4 cores per cpu, 1 threads per core) family 6 model 190 stepping 0 microcode 0x15, cx8, cmov, fxsr, mmx, 3dnowpref, sse, sse2, sse3, ssse3, sse4.1, sse4.2, popcnt, lzcnt, tsc, tscinvbit, avx, avx2, aes, erms, clmul, bmi1, bmi2, adx, sha, fma, vzeroupper, clflush, clflushopt, clwb

Memory: 4k page, system-wide physical 16037M (4604M free)
TotalPageFile size 23973M (AvailPageFile size 9921M)
current process WorkingSet (physical memory assigned to process): 23M, peak: 23M
current process commit charge ("private bytes"): 79M, peak: 79M

vm_info: Java HotSpot(TM) 64-Bit Server VM (17.0.12+8-LTS-286) for windows-amd64 JRE (17.0.12+8-LTS-286), built on Jun  5 2024 06:46:59 by "mach5one" with MS VC++ 17.6 (VS2022)

END.
